 7/11/2024 GoAIR Goair converted sucessfully  '
'  7/11/2024 GoAIR Goair converted sucessfully  '
'  7/11/2024 GoAIR Goair converted sucessfully  '
'  7/11/2024 GoAIR Goair converted sucessfully  '
'  7/11/2024 GoAIR Goair converted sucessfully  '
'  7/11/2024 GoAIR Goair converted sucessfully  '
'  7/11/2024 GoAIR Goair converted sucessfully  '
'  7/11/2024 GoAIR Goair converted sucessfully  '
'  7/11/2024 GoAIR Goair converted sucessfully  '
'  7/11/2024 GoAIR Goair converted sucessfully  '
'  7/11/2024 GoAIR Goair converted sucessfully  '
'  7/11/2024 GoAIR Goair converted sucessfully  '
'  7/11/2024 GoAIR Goair converted sucessfully  '
'  7/11/2024 GoAIR Goair converted sucessfully  '
'  7/11/2024 GoAIR Goair converted sucessfully  '
'  7/11/2024 GoAIR Goair converted sucessfully  '
'  7/11/2024 GoAIR Goair converted sucessfully  '
'  7/11/2024 GoAIR Goair converted sucessfully  '
'  7/11/2024 GoAIR Goair converted sucessfully  '
'  7/11/2024 GoAIR Goair converted sucessfully  '
'  7/11/2024 GoAIR Goair converted sucessfully  '
'  9/11/2024 GoAIR Goair converted sucessfully  '
'  9/11/2024 GoAIR Goair converted sucessfully  '
'  9/11/2024 GoAIR Goair converted sucessfully  '
'  9/11/2024 GoAIR Goair converted sucessfully  '
'  9/11/2024 GoAIR Goair converted sucessfully  '
'  9/11/2024 GoAIR Goair converted sucessfully  '
'  9/11/2024 GoAIR Goair converted sucessfully  '
'  9/11/2024 GoAIR Goair converted sucessfully  '
'  9/11/2024 GoAIR NokAir converted sucessfully  '
'  9/11/2024 GoAIR NokAir converted sucessfully  '
'  9/11/2024 GoAIR NokAir converted sucessfully  '
'  9/11/2024 GoAIR NokAir converted sucessfully  '
'  9/11/2024 GoAIR NokAir converted sucessfully  '
'  9/11/2024 GoAIR ThaiAirAsia converted sucessfully  '
'  9/11/2024 GoAIR ThaiAirAsia converted sucessfully  '
'  9/11/2024 GoAIR ThaiAirAsia converted sucessfully  '
'  9/11/2024 GoAIR ThaiAirAsia converted sucessfully  '
'  9/11/2024 GoAIR ThaiAirAsia converted sucessfully  '
'  9/11/2024 GoAIR ThaiAirAsia converted sucessfully  '
'  9/11/2024 GoAIR ThaiAirAsia converted sucessfully  '
'  9/11/2024 GoAIR ThaiAirAsia converted sucessfully  '
'  9/11/2024 GoAIR ThaiAirAsia converted sucessfully  '
'  9/11/2024 GoAIR ThaiAirAsia converted sucessfully  '
'  9/11/2024 GoAIR ThaiAirAsia converted sucessfully  '
'  9/11/2024 GoAIR GoAir converted successfully 
 9/11/2024 GoAIR ThaiAirAsia converted successfully 
 11/11/2024 GoAIR Akasa converted successfully 
 11/11/2024 GoAIR Akasa converted successfully 
 11/11/2024 GoAIR Akasa converted successfully 
 11/11/2024 GoAIR Akasa converted successfully 
 11/11/2024 GoAIR Akasa converted successfully 
 11/11/2024 G27Y5K Indigo converted successfully 
 11/11/2024 G27Y5K Indigo converted successfully 
 16/11/2024 G27Y5K Unknown Airline converted successfully 
 16/11/2024 G27Y5K Bhutan Airlines converted successfully 
 16/11/2024 G27Y5K Bhutan Airlines converted successfully 
 16/11/2024 G27Y5K Bhutan Airlines converted successfully 
 16/11/2024 G27Y5K Bhutan Airlines converted successfully 
 16/11/2024 G27Y5K Bhutan Airlines converted successfully 
 4/12/2024 G27Y5K Bhutan Airlines converted successfully 
 4/12/2024 G27Y5K Bhutan Airlines converted successfully 
 5/12/2024 G27Y5K Bhutan Airlines converted successfully 
 5/12/2024 DGUETB ThaiAirAsia converted successfully 
 5/12/2024 DGUETB ThaiAirAsia converted successfully 
 5/12/2024 DGUETB ThaiAirAsia converted successfully 
 5/12/2024 DGUETB ThaiAirAsia converted successfully 
 5/12/2024 DGUETB ThaiAirAsia converted successfully 
 5/12/2024 DGUETB ThaiAirAsia converted successfully 
 5/12/2024 DGUETB ThaiAirAsia converted successfully 
 5/12/2024 DGUETB ThaiAirAsia converted successfully 
 5/12/2024 DGUETB ThaiAirAsia converted successfully 
 5/12/2024 DGUETB ThaiAirAsia converted successfully 
 22/1/2025 DGUETB Air India International converted successfully 
 22/1/2025 DGUETB Air India International converted successfully 
 22/1/2025 DGUETB Air India Domestic converted successfully 
 22/1/2025 DGUETB Air India Domestic converted successfully 
 22/1/2025 DGUETB Air India Domestic converted successfully 
 22/1/2025 DGUETB Air India Domestic converted successfully 
 22/1/2025 DGUETB Air India International converted successfully 
 22/1/2025 DGUETB Air India Domestic converted successfully 
 22/1/2025 TKH3QZ Air India Domestic converted successfully 
 28/2/2025 DGUETB Air Arabia converted successfully 
 28/2/2025 DGUETB Air Arabia converted successfully 
 14/5/2025 DGUETB Indigo converted successfully 
 14/5/2025 DGUETB Indigo converted successfully 
 14/5/2025 DGUETB Indigo converted successfully 
